<?xml version='1.1' encoding='UTF-8'?>
<result plugin="junit@1.24">
  <suites>
    <suite>
      <file>/root/.jenkins/workspace/myfirstpipeline/spring-boot-samples/spring-boot-sample-atmosphere/target/surefire-reports/TEST-sample.atmosphere.SampleAtmosphereApplicationTests.xml</file>
      <name>sample.atmosphere.SampleAtmosphereApplicationTests</name>
      <duration>8.102</duration>
      <time>8.102</time>
      <nodeId>24</nodeId>
      <enclosingBlocks>
        <string>23</string>
      </enclosingBlocks>
      <enclosingBlockNames>
        <string>Test Results</string>
      </enclosingBlockNames>
      <cases>
        <case>
          <duration>8.102</duration>
          <className>sample.atmosphere.SampleAtmosphereApplicationTests</className>
          <testName>chatEndpoint</testName>
          <skipped>false</skipped>
          <failedSince>0</failedSince>
        </case>
      </cases>
    </suite>
  </suites>
  <duration>8.102</duration>
  <keepLongStdio>false</keepLongStdio>
</result>