<?xml version='1.1' encoding='UTF-8'?>
<result plugin="junit@1.24">
  <suites>
    <suite>
      <file>/root/.jenkins/workspace/myfirstproject/spring-boot-samples/spring-boot-sample-atmosphere/target/surefire-reports/TEST-sample.atmosphere.SampleAtmosphereApplicationTests.xml</file>
      <name>sample.atmosphere.SampleAtmosphereApplicationTests</name>
      <duration>6.91</duration>
      <time>6.91</time>
      <enclosingBlocks/>
      <enclosingBlockNames/>
      <cases>
        <case>
          <duration>6.91</duration>
          <className>sample.atmosphere.SampleAtmosphereApplicationTests</className>
          <testName>chatEndpoint</testName>
          <skipped>false</skipped>
          <failedSince>0</failedSince>
        </case>
      </cases>
    </suite>
  </suites>
  <duration>6.91</duration>
  <keepLongStdio>false</keepLongStdio>
</result>